<?xml version="1.0" encoding="UTF-8"?>
<!-- Generated by org.testng.reporters.JUnitReportReporter -->
<testsuite hostname="DESKTOP-7HJS69D" failures="0" tests="1" name="testCases.TC_002_LoginTest" time="1.156" errors="0" timestamp="2023-09-12T15:04:03 PKT" skipped="0">
  <testcase classname="testCases.TC_002_LoginTest" name="test_Login" time="1.156"/>
</testsuite> <!-- testCases.TC_002_LoginTest -->
